<?xml version="1.0" encoding="UTF-8"?>
<robot generator="Robot 4.1.2 (Python 3.10.0 on win32)" generated="20211213 20:52:40.267" rpa="false" schemaversion="2">
<suite id="s1" name="Valid Login" source="C:\Users\Francis\Documents\GitHub\exerSeleniumRobot\tests\valid_login.robot">
<test id="s1-t1" name="Valid Login">
<kw name="Open Browser To Login Page" library="resources">
<kw name="Open Browser" library="SeleniumLibrary">
<arg>${LOGIN URL}</arg>
<arg>${BROWSER}</arg>
<doc>Opens a new browser instance to the optional ``url``.</doc>
<msg timestamp="20211213 20:52:40.503" level="INFO">Opening browser 'edge' to base url 'https://www.saucedemo.com/'.</msg>
<status status="PASS" starttime="20211213 20:52:40.502" endtime="20211213 20:52:42.852"/>
</kw>
<kw name="Maximize Browser Window" library="SeleniumLibrary">
<doc>Maximizes current browser window.</doc>
<status status="PASS" starttime="20211213 20:52:42.853" endtime="20211213 20:52:42.973"/>
</kw>
<kw name="Set Selenium Speed" library="SeleniumLibrary">
<arg>${DELAY}</arg>
<doc>Sets the delay that is waited after each Selenium command.</doc>
<status status="PASS" starttime="20211213 20:52:42.973" endtime="20211213 20:52:42.974"/>
</kw>
<kw name="Login Page Should Be Open" library="resources">
<kw name="Page Should Contain Element" library="SeleniumLibrary">
<arg>login-button</arg>
<doc>Verifies that element ``locator`` is found on the current page.</doc>
<msg timestamp="20211213 20:52:42.989" level="INFO">Current page contains element 'login-button'.</msg>
<status status="PASS" starttime="20211213 20:52:42.975" endtime="20211213 20:52:42.989"/>
</kw>
<status status="PASS" starttime="20211213 20:52:42.974" endtime="20211213 20:52:42.989"/>
</kw>
<status status="PASS" starttime="20211213 20:52:40.502" endtime="20211213 20:52:42.989"/>
</kw>
<kw name="Input Username" library="resources">
<arg>${VALID USER}</arg>
<kw name="Input Text" library="SeleniumLibrary">
<arg>user-name</arg>
<arg>${username}</arg>
<doc>Types the given ``text`` into the text field identified by ``locator``.</doc>
<msg timestamp="20211213 20:52:42.990" level="INFO">Typing text 'standard_user' into text field 'user-name'.</msg>
<status status="PASS" starttime="20211213 20:52:42.990" endtime="20211213 20:52:43.105"/>
</kw>
<status status="PASS" starttime="20211213 20:52:42.990" endtime="20211213 20:52:43.105"/>
</kw>
<kw name="Input Password" library="resources">
<arg>${VALID PASSWORD}</arg>
<kw name="Input Password" library="SeleniumLibrary">
<arg>password</arg>
<arg>${password}</arg>
<doc>Types the given password into the text field identified by ``locator``.</doc>
<msg timestamp="20211213 20:52:43.107" level="INFO">Typing password into text field 'password'.</msg>
<msg timestamp="20211213 20:52:43.143" level="INFO">Temporally setting log level to: NONE</msg>
<msg timestamp="20211213 20:52:43.192" level="INFO">Log level changed from NONE to INFO.</msg>
<status status="PASS" starttime="20211213 20:52:43.106" endtime="20211213 20:52:43.192"/>
</kw>
<status status="PASS" starttime="20211213 20:52:43.106" endtime="20211213 20:52:43.192"/>
</kw>
<kw name="Submit Credentials" library="resources">
<kw name="Click Button" library="SeleniumLibrary">
<arg>login-button</arg>
<doc>Clicks the button identified by ``locator``.</doc>
<msg timestamp="20211213 20:52:43.193" level="INFO">Clicking button 'login-button'.</msg>
<status status="PASS" starttime="20211213 20:52:43.193" endtime="20211213 20:52:43.307"/>
</kw>
<status status="PASS" starttime="20211213 20:52:43.193" endtime="20211213 20:52:43.308"/>
</kw>
<kw name="Login Should Be Successful" library="resources">
<kw name="Page Should Contain Element" library="SeleniumLibrary">
<arg>id:inventory_container</arg>
<doc>Verifies that element ``locator`` is found on the current page.</doc>
<msg timestamp="20211213 20:52:43.321" level="INFO">Current page contains element 'id:inventory_container'.</msg>
<status status="PASS" starttime="20211213 20:52:43.308" endtime="20211213 20:52:43.321"/>
</kw>
<status status="PASS" starttime="20211213 20:52:43.308" endtime="20211213 20:52:43.322"/>
</kw>
<kw name="Close Browser" library="SeleniumLibrary" type="TEARDOWN">
<doc>Closes the current browser.</doc>
<status status="PASS" starttime="20211213 20:52:43.323" endtime="20211213 20:52:45.514"/>
</kw>
<status status="PASS" starttime="20211213 20:52:40.501" endtime="20211213 20:52:45.516"/>
</test>
<doc>Documentation A test suite with a single test for valid login

This test follows the exmaple using keywords from
the SeleniumLibrary</doc>
<status status="PASS" starttime="20211213 20:52:40.269" endtime="20211213 20:52:45.519"/>
</suite>
<statistics>
<total>
<stat pass="1" fail="0" skip="0">All Tests</stat>
</total>
<tag>
</tag>
<suite>
<stat pass="1" fail="0" skip="0" id="s1" name="Valid Login">Valid Login</stat>
</suite>
</statistics>
<errors>
</errors>
</robot>
