<?xml version="1.0" encoding="UTF-8"?>
<robot generator="Robot 4.1.2 (Python 3.10.0 on win32)" generated="20211213 17:37:01.847" rpa="false" schemaversion="2">
<suite id="s1" name="Valid Login" source="C:\Users\Francis\Documents\GitHub\exerSeleniumRobot\tests\valid_login.robot">
<test id="s1-t1" name="Valid Login">
<kw name="Open Browser" library="SeleniumLibrary">
<arg>https://www.saucedemo.com/</arg>
<arg>edge</arg>
<doc>Opens a new browser instance to the optional ``url``.</doc>
<msg timestamp="20211213 17:37:01.999" level="INFO">Opening browser 'edge' to base url 'https://www.saucedemo.com/'.</msg>
<status status="PASS" starttime="20211213 17:37:01.998" endtime="20211213 17:37:03.930"/>
</kw>
<kw name="Maximize Browser Window" library="SeleniumLibrary">
<doc>Maximizes current browser window.</doc>
<status status="PASS" starttime="20211213 17:37:03.930" endtime="20211213 17:37:04.052"/>
</kw>
<kw name="Page Should Contain Element" library="SeleniumLibrary">
<arg>login-button</arg>
<doc>Verifies that element ``locator`` is found on the current page.</doc>
<msg timestamp="20211213 17:37:04.066" level="INFO">Current page contains element 'login-button'.</msg>
<status status="PASS" starttime="20211213 17:37:04.052" endtime="20211213 17:37:04.066"/>
</kw>
<kw name="Input Text" library="SeleniumLibrary">
<arg>user-name</arg>
<arg>standard_user</arg>
<doc>Types the given ``text`` into the text field identified by ``locator``.</doc>
<msg timestamp="20211213 17:37:04.067" level="INFO">Typing text 'standard_user' into text field 'user-name'.</msg>
<status status="PASS" starttime="20211213 17:37:04.067" endtime="20211213 17:37:04.173"/>
</kw>
<kw name="Input Password" library="SeleniumLibrary">
<arg>password</arg>
<arg>secret_sauce</arg>
<doc>Types the given password into the text field identified by ``locator``.</doc>
<msg timestamp="20211213 17:37:04.174" level="INFO">Typing password into text field 'password'.</msg>
<msg timestamp="20211213 17:37:04.210" level="INFO">Temporally setting log level to: NONE</msg>
<msg timestamp="20211213 17:37:04.261" level="INFO">Log level changed from NONE to INFO.</msg>
<status status="PASS" starttime="20211213 17:37:04.174" endtime="20211213 17:37:04.262"/>
</kw>
<kw name="Click Button" library="SeleniumLibrary">
<arg>login-button</arg>
<doc>Clicks the button identified by ``locator``.</doc>
<msg timestamp="20211213 17:37:04.262" level="INFO">Clicking button 'login-button'.</msg>
<status status="PASS" starttime="20211213 17:37:04.262" endtime="20211213 17:37:04.382"/>
</kw>
<kw name="Page Should Contain Element" library="SeleniumLibrary">
<arg>id:inventory_container</arg>
<doc>Verifies that element ``locator`` is found on the current page.</doc>
<msg timestamp="20211213 17:37:04.398" level="INFO">Current page contains element 'id:inventory_container'.</msg>
<status status="PASS" starttime="20211213 17:37:04.383" endtime="20211213 17:37:04.398"/>
</kw>
<kw name="Close Browser" library="SeleniumLibrary" type="TEARDOWN">
<doc>Closes the current browser.</doc>
<status status="PASS" starttime="20211213 17:37:04.399" endtime="20211213 17:37:06.544"/>
</kw>
<status status="PASS" starttime="20211213 17:37:01.997" endtime="20211213 17:37:06.545"/>
</test>
<doc>Documentation A test suite with a single test for valid login

This test follows the exmaple using keywords from
the SeleniumLibrary</doc>
<status status="PASS" starttime="20211213 17:37:01.848" endtime="20211213 17:37:06.547"/>
</suite>
<statistics>
<total>
<stat pass="1" fail="0" skip="0">All Tests</stat>
</total>
<tag>
</tag>
<suite>
<stat pass="1" fail="0" skip="0" id="s1" name="Valid Login">Valid Login</stat>
</suite>
</statistics>
<errors>
</errors>
</robot>
